<?xml version="1.0" encoding="UTF-8" standalone="no"?><testsuite errors="1" failures="0" name="To Test Admin menu Person in Organisation Option" skipped="0" tests="1" time="112.4" timestamp="2023-11-20 05:58:01"><testcase name="To Test Admin menu Person in Organisation Option"><error message="element click intercepted: Element &lt;a class=&quot;chosen-single&quot;&gt;...&lt;/a&gt; is not clickable at point (611, 363). Other element would receive the click: &lt;li class=&quot;active-result&quot; data-option-array-index=&quot;2&quot; style=&quot;&quot;&gt;...&lt;/li&gt;&#10;  (Session info: chrome=119.0.6045.160)&#10;Build info: version: '4.11.0', revision: '040bc5406b'&#10;System info: os.name: 'Windows 11', os.arch: 'amd64', os.version: '10.0', java.version: '11.0.20'&#10;Driver info: org.openqa.selenium.chrome.ChromeDriver&#10;Command: [c2525615a35b84691b271ab4a7b9cc4a, clickElement {id=0D90E1D1F24FC5802E6C706B3C9B5FD2_element_186}]&#10;Capabilities {acceptInsecureCerts: false, browserName: chrome, browserVersion: 119.0.6045.160, chrome: {chromedriverVersion: 119.0.6045.105 (38c72552c5e..., userDataDir: C:\Users\hp\AppData\Local\T...}, fedcm:accounts: true, goog:chromeOptions: {debuggerAddress: localhost:60148}, networkConnectionEnabled: false, pageLoadStrategy: normal, platformName: windows, proxy: Proxy(), se:cdp: ws://localhost:60148/devtoo..., se:cdpVersion: 119.0.6045.160, setWindowRect: true, strictFileInteractability: false, timeouts: {implicit: 0, pageLoad: 300000, script: 30000}, unhandledPromptBehavior: dismiss and notify, webauthn:extension:credBlob: true, webauthn:extension:largeBlob: true, webauthn:extension:minPinLength: true, webauthn:extension:prf: true, webauthn:virtualAuthenticators: true}&#10;Element: [[ChromeDriver: chrome on windows (c2525615a35b84691b271ab4a7b9cc4a)] -&gt; xpath: (//a[@class='chosen-single'])[4]]&#10;Session ID: c2525615a35b84691b271ab4a7b9cc4a" type="org.openqa.selenium.ElementClickInterceptedException">element click intercepted: Element &lt;a class="chosen-single"&gt;...&lt;/a&gt; is not clickable at point (611, 363). Other element would receive the click: &lt;li class="active-result" data-option-array-index="2" style=""&gt;...&lt;/li&gt;
  (Session info: chrome=119.0.6045.160)
Build info: version: '4.11.0', revision: '040bc5406b'
System info: os.name: 'Windows 11', os.arch: 'amd64', os.version: '10.0', java.version: '11.0.20'
Driver info: org.openqa.selenium.chrome.ChromeDriver
Command: [c2525615a35b84691b271ab4a7b9cc4a, clickElement {id=0D90E1D1F24FC5802E6C706B3C9B5FD2_element_186}]
Capabilities {acceptInsecureCerts: false, browserName: chrome, browserVersion: 119.0.6045.160, chrome: {chromedriverVersion: 119.0.6045.105 (38c72552c5e..., userDataDir: C:\Users\hp\AppData\Local\T...}, fedcm:accounts: true, goog:chromeOptions: {debuggerAddress: localhost:60148}, networkConnectionEnabled: false, pageLoadStrategy: normal, platformName: windows, proxy: Proxy(), se:cdp: ws://localhost:60148/devtoo..., se:cdpVersion: 119.0.6045.160, setWindowRect: true, strictFileInteractability: false, timeouts: {implicit: 0, pageLoad: 300000, script: 30000}, unhandledPromptBehavior: dismiss and notify, webauthn:extension:credBlob: true, webauthn:extension:largeBlob: true, webauthn:extension:minPinLength: true, webauthn:extension:prf: true, webauthn:virtualAuthenticators: true}
Element: [[ChromeDriver: chrome on windows (c2525615a35b84691b271ab4a7b9cc4a)] -&gt; xpath: (//a[@class='chosen-single'])[4]]
Session ID: c2525615a35b84691b271ab4a7b9cc4a</error><system-err>element click intercepted: Element &lt;a class="chosen-single"&gt;...&lt;/a&gt; is not clickable at point (611, 363). Other element would receive the click: &lt;li class="active-result" data-option-array-index="2" style=""&gt;...&lt;/li&gt;
  (Session info: chrome=119.0.6045.160)
Build info: version: '4.11.0', revision: '040bc5406b'
System info: os.name: 'Windows 11', os.arch: 'amd64', os.version: '10.0', java.version: '11.0.20'
Driver info: org.openqa.selenium.chrome.ChromeDriver
Command: [c2525615a35b84691b271ab4a7b9cc4a, clickElement {id=0D90E1D1F24FC5802E6C706B3C9B5FD2_element_186}]
Capabilities {acceptInsecureCerts: false, browserName: chrome, browserVersion: 119.0.6045.160, chrome: {chromedriverVersion: 119.0.6045.105 (38c72552c5e..., userDataDir: C:\Users\hp\AppData\Local\T...}, fedcm:accounts: true, goog:chromeOptions: {debuggerAddress: localhost:60148}, networkConnectionEnabled: false, pageLoadStrategy: normal, platformName: windows, proxy: Proxy(), se:cdp: ws://localhost:60148/devtoo..., se:cdpVersion: 119.0.6045.160, setWindowRect: true, strictFileInteractability: false, timeouts: {implicit: 0, pageLoad: 300000, script: 30000}, unhandledPromptBehavior: dismiss and notify, webauthn:extension:credBlob: true, webauthn:extension:largeBlob: true, webauthn:extension:minPinLength: true, webauthn:extension:prf: true, webauthn:virtualAuthenticators: true}
Element: [[ChromeDriver: chrome on windows (c2525615a35b84691b271ab4a7b9cc4a)] -&gt; xpath: (//a[@class='chosen-single'])[4]]
Session ID: c2525615a35b84691b271ab4a7b9cc4a&#13;
Oprisk.Serenity.framework@0.0.1-SNAPSHOT/com.Oprisk.Pages.Oprisk_Admin_Organisation_Person_pages.to_select_dropdown_in_home_page_in_add_person_page(Oprisk_Admin_Organisation_Person_pages.java:113)&#13;
Oprisk.Serenity.framework@0.0.1-SNAPSHOT/com.Oprisk.Steps.Oprisk_Admin_Organisation_Person_steps.to_select_dropdown_in_home_page_in_add_person_page(Oprisk_Admin_Organisation_Person_steps.java:90)&#13;
io.cucumber.java.Invoker.doInvoke(Invoker.java:66)&#13;
io.cucumber.java.Invoker.invoke(Invoker.java:24)&#13;
io.cucumber.java.AbstractGlueDefinition.invokeMethod(AbstractGlueDefinition.java:47)&#13;
io.cucumber.java.JavaStepDefinition.execute(JavaStepDefinition.java:29)&#13;
io.cucumber.core.runner.CoreStepDefinition.execute(CoreStepDefinition.java:66)&#13;
io.cucumber.core.runner.PickleStepDefinitionMatch.runStep(PickleStepDefinitionMatch.java:63)&#13;
io.cucumber.core.runner.TestStep.executeStep(TestStep.java:84)&#13;
io.cucumber.core.runner.TestStep.run(TestStep.java:56)&#13;
io.cucumber.core.runner.PickleStepTestStep.run(PickleStepTestStep.java:51)&#13;
io.cucumber.core.runner.TestCase.run(TestCase.java:84)&#13;
io.cucumber.core.runner.Runner.runPickle(Runner.java:75)&#13;
io.cucumber.core.runtime.CucumberExecutionContext.lambda$runTestCase$5(CucumberExecutionContext.java:130)&#13;
io.cucumber.core.runtime.RethrowingThrowableCollector.executeAndThrow(RethrowingThrowableCollector.java:23)&#13;
io.cucumber.core.runtime.CucumberExecutionContext.runTestCase(CucumberExecutionContext.java:130)&#13;
io.cucumber.junit.FeatureRunner.runChild(FeatureRunner.java:144)&#13;
io.cucumber.junit.FeatureRunner.runChild(FeatureRunner.java:28)&#13;
io.cucumber.junit.FeatureRunner.run(FeatureRunner.java:137)&#13;
io.cucumber.junit.CucumberSerenityBaseRunner.runChild(CucumberSerenityBaseRunner.java:330)&#13;
io.cucumber.junit.CucumberSerenityBaseRunner.runChild(CucumberSerenityBaseRunner.java:51)&#13;
</system-err></testcase></testsuite>